* using log directory ‘/home/helder-gt-traquinho/Documentos/Geolithica/Systems/geomoz-r/geomoz.Rcheck’
* using R version 4.6.0 (2026-04-24)
* using platform: x86_64-pc-linux-gnu
* R was compiled by
    x86_64-linux-gnu-gcc (Ubuntu 13.3.0-6ubuntu2~24.04.1) 13.3.0
    GNU Fortran (Ubuntu 13.3.0-6ubuntu2~24.04.1) 13.3.0
* running under: Ubuntu 24.04.4 LTS
* using session charset: UTF-8
* current time: 2026-05-20 19:28:22 UTC
* using option ‘--as-cran’
* checking for file ‘geomoz/DESCRIPTION’ ... OK
* checking extension type ... Package
* this is package ‘geomoz’ version ‘0.1.1’
* package encoding: UTF-8
* checking CRAN incoming feasibility ... [2s/21s] NOTE
Maintainer: ‘Hélder Gonçalves Félix Traquinho <heltrakinho@gmail.com>’

New submission
* checking package namespace information ... OK
* checking package dependencies ... ERROR
Packages required but not available: 'sf', 'dplyr', 'httr2'

Packages suggested but not available for checking:
  'ggplot2', 'leaflet', 'testthat'

See section ‘The DESCRIPTION file’ in the ‘Writing R Extensions’
manual.
* DONE
Status: 1 ERROR, 1 NOTE
